This is pdfTeX, Version 3.141592653-2.6-1.40.24 (MiKTeX 23.1) (preloaded format=pdflatex 2023.8.21)  12 SEP 2023 19:08
entering extended mode
 restricted \write18 enabled.
 %&-line parsing enabled.
**./solving.tex
(solving.tex
LaTeX2e <2022-11-01> patch level 1
L3 programming layer <2023-02-07> (definicje.tex
(C:\Users\adamw\AppData\Local\Programs\MiKTeX\tex/latex/base\book.cls
Document Class: book 2022/07/02 v1.4n Standard LaTeX document class
(C:\Users\adamw\AppData\Local\Programs\MiKTeX\tex/latex/base\bk10.clo
File: bk10.clo 2022/07/02 v1.4n Standard LaTeX file (size option)
)
\c@part=\count185
\c@chapter=\count186
\c@section=\count187
\c@subsection=\count188
\c@subsubsection=\count189
\c@paragraph=\count190
\c@subparagraph=\count191
\c@figure=\count192
\c@table=\count193
\abovecaptionskip=\skip48
\belowcaptionskip=\skip49
\bibindent=\dimen140
)
(C:\Users\adamw\AppData\Local\Programs\MiKTeX\tex/latex/geometry\geometry.sty
Package: geometry 2020/01/02 v5.9 Page Geometry

(C:\Users\adamw\AppData\Local\Programs\MiKTeX\tex/latex/graphics\keyval.sty
Package: keyval 2022/05/29 v1.15 key=value parser (DPC)
\KV@toks@=\toks16
)
(C:\Users\adamw\AppData\Local\Programs\MiKTeX\tex/generic/iftex\ifvtex.sty
Package: ifvtex 2019/10/25 v1.7 ifvtex legacy package. Use iftex instead.

(C:\Users\adamw\AppData\Local\Programs\MiKTeX\tex/generic/iftex\iftex.sty
Package: iftex 2022/02/03 v1.0f TeX engine tests
))
\Gm@cnth=\count194
\Gm@cntv=\count195
\c@Gm@tempcnt=\count196
\Gm@bindingoffset=\dimen141
\Gm@wd@mp=\dimen142
\Gm@odd@mp=\dimen143
\Gm@even@mp=\dimen144
\Gm@layoutwidth=\dimen145
\Gm@layoutheight=\dimen146
\Gm@layouthoffset=\dimen147
\Gm@layoutvoffset=\dimen148
\Gm@dimlist=\toks17

(C:\Users\adamw\AppData\Local\Programs\MiKTeX\tex/latex/geometry\geometry.cfg))
(C:\Users\adamw\AppData\Local\Programs\MiKTeX\tex/latex/listings\listings.sty
\lst@mode=\count197
\lst@gtempboxa=\box51
\lst@token=\toks18
\lst@length=\count198
\lst@currlwidth=\dimen149
\lst@column=\count199
\lst@pos=\count266
\lst@lostspace=\dimen150
\lst@width=\dimen151
\lst@newlines=\count267
\lst@lineno=\count268
\lst@maxwidth=\dimen152

(C:\Users\adamw\AppData\Local\Programs\MiKTeX\tex/latex/listings\lstmisc.sty
File: lstmisc.sty 2020/03/24 1.8d (Carsten Heinz)
\c@lstnumber=\count269
\lst@skipnumbers=\count270
\lst@framebox=\box52
)
(C:\Users\adamw\AppData\Local\Programs\MiKTeX\tex/latex/listings\listings.cfg
File: listings.cfg 2020/03/24 1.8d listings configuration
))
Package: listings 2020/03/24 1.8d (Carsten Heinz)
(C:\Users\adamw\AppData\Local\Programs\MiKTeX\tex/latex/base\inputenc.sty
Package: inputenc 2021/02/14 v1.3d Input encoding file
\inpenc@prehook=\toks19
\inpenc@posthook=\toks20
)
(C:\Users\adamw\AppData\Local\Programs\MiKTeX\tex/latex/amsmath\amsmath.sty
Package: amsmath 2022/04/08 v2.17n AMS math features
\@mathmargin=\skip50

For additional information on amsmath, use the `?' option.
(C:\Users\adamw\AppData\Local\Programs\MiKTeX\tex/latex/amsmath\amstext.sty
Package: amstext 2021/08/26 v2.01 AMS text

(C:\Users\adamw\AppData\Local\Programs\MiKTeX\tex/latex/amsmath\amsgen.sty
File: amsgen.sty 1999/11/30 v2.0 generic functions
\@emptytoks=\toks21
\ex@=\dimen153
))
(C:\Users\adamw\AppData\Local\Programs\MiKTeX\tex/latex/amsmath\amsbsy.sty
Package: amsbsy 1999/11/29 v1.2d Bold Symbols
\pmbraise@=\dimen154
)
(C:\Users\adamw\AppData\Local\Programs\MiKTeX\tex/latex/amsmath\amsopn.sty
Package: amsopn 2022/04/08 v2.04 operator names
)
\inf@bad=\count271
LaTeX Info: Redefining \frac on input line 234.
\uproot@=\count272
\leftroot@=\count273
LaTeX Info: Redefining \overline on input line 399.
LaTeX Info: Redefining \colon on input line 410.
\classnum@=\count274
\DOTSCASE@=\count275
LaTeX Info: Redefining \ldots on input line 496.
LaTeX Info: Redefining \dots on input line 499.
LaTeX Info: Redefining \cdots on input line 620.
\Mathstrutbox@=\box53
\strutbox@=\box54
LaTeX Info: Redefining \big on input line 722.
LaTeX Info: Redefining \Big on input line 723.
LaTeX Info: Redefining \bigg on input line 724.
LaTeX Info: Redefining \Bigg on input line 725.
\big@size=\dimen155
LaTeX Font Info:    Redeclaring font encoding OML on input line 743.
LaTeX Font Info:    Redeclaring font encoding OMS on input line 744.
\macc@depth=\count276
LaTeX Info: Redefining \bmod on input line 905.
LaTeX Info: Redefining \pmod on input line 910.
LaTeX Info: Redefining \smash on input line 940.
LaTeX Info: Redefining \relbar on input line 970.
LaTeX Info: Redefining \Relbar on input line 971.
\c@MaxMatrixCols=\count277
\dotsspace@=\muskip16
\c@parentequation=\count278
\dspbrk@lvl=\count279
\tag@help=\toks22
\row@=\count280
\column@=\count281
\maxfields@=\count282
\andhelp@=\toks23
\eqnshift@=\dimen156
\alignsep@=\dimen157
\tagshift@=\dimen158
\tagwidth@=\dimen159
\totwidth@=\dimen160
\lineht@=\dimen161
\@envbody=\toks24
\multlinegap=\skip51
\multlinetaggap=\skip52
\mathdisplay@stack=\toks25
LaTeX Info: Redefining \[ on input line 2953.
LaTeX Info: Redefining \] on input line 2954.
)
(C:\Users\adamw\AppData\Local\Programs\MiKTeX\tex/latex/amsfonts\amssymb.sty
Package: amssymb 2013/01/14 v3.01 AMS font symbols

(C:\Users\adamw\AppData\Local\Programs\MiKTeX\tex/latex/amsfonts\amsfonts.sty
Package: amsfonts 2013/01/14 v3.01 Basic AMSFonts support
\symAMSa=\mathgroup4
\symAMSb=\mathgroup5
LaTeX Font Info:    Redeclaring math symbol \hbar on input line 98.
LaTeX Font Info:    Overwriting math alphabet `\mathfrak' in version `bold'
(Font)                  U/euf/m/n --> U/euf/b/n on input line 106.
)) (C:\Users\adamw\AppData\Local\Programs\MiKTeX\tex/latex/amscls\amsthm.sty
Package: amsthm 2020/05/29 v2.20.6
\thm@style=\toks26
\thm@bodyfont=\toks27
\thm@headfont=\toks28
\thm@notefont=\toks29
\thm@headpunct=\toks30
\thm@preskip=\skip53
\thm@postskip=\skip54
\thm@headsep=\skip55
\dth@everypar=\toks31
)
(C:\Users\adamw\AppData\Local\Programs\MiKTeX\tex/latex/base\latexsym.sty
Package: latexsym 1998/08/17 v2.2e Standard LaTeX package (lasy symbols)
\symlasy=\mathgroup6
LaTeX Font Info:    Overwriting symbol font `lasy' in version `bold'
(Font)                  U/lasy/m/n --> U/lasy/b/n on input line 52.
)
(C:\Users\adamw\AppData\Local\Programs\MiKTeX\tex/latex/tools\indentfirst.sty
Package: indentfirst 1995/11/23 v1.03 Indent first paragraph (DPC)
)
(C:\Users\adamw\AppData\Local\Programs\MiKTeX\tex/latex/setspace\setspace.sty
Package: setspace 2022/12/04 v6.7b set line spacing
)
(C:\Users\adamw\AppData\Local\Programs\MiKTeX\tex/latex/marvosym\marvosym.sty
Package: marvosym 2011/07/20 v2.2 Martin Vogel's Symbols font definitions
)
(C:\Users\adamw\AppData\Local\Programs\MiKTeX\tex/latex/fancyvrb\fancyvrb.sty
Package: fancyvrb 2023/01/19 4.5a verbatim text (tvz,hv)
\FV@CodeLineNo=\count283
\FV@InFile=\read2
\FV@TabBox=\box55
\c@FancyVerbLine=\count284
\FV@StepNumber=\count285
\FV@OutFile=\write3
)
(C:\Users\adamw\AppData\Local\Programs\MiKTeX\tex/generic/babel\babel.sty
Package: babel 2023/02/13 3.86 The Babel package
\babel@savecnt=\count286
\U@D=\dimen162
\l@unhyphenated=\language79

(C:\Users\adamw\AppData\Local\Programs\MiKTeX\tex/generic/babel\txtbabel.def)
\bbl@readstream=\read3
\bbl@dirlevel=\count287

*************************************
* Local config file bblopts.cfg used
*
(C:\Users\adamw\AppData\Local\Programs\MiKTeX\tex/latex/arabi\bblopts.cfg
File: bblopts.cfg 2005/09/08 v0.1 add Arabic and Farsi to "declared" options of
 babel
)
(C:\Users\adamw\AppData\Local\Programs\MiKTeX\tex/latex/babel-polish\polish.ldf
Language: polish 2022/03/12 1.3 Babel support for Polish
Package babel Info: Making " an active character on input line 101.
))
(C:\Users\adamw\AppData\Local\Programs\MiKTeX\tex/generic/babel/locale/pl\babel
-polish.tex
Package babel Info: Importing font and identification data for polish
(babel)             from babel-pl.ini. Reported on input line 11.
)
(C:\Users\adamw\AppData\Local\Programs\MiKTeX\tex/latex/base\fontenc.sty
Package: fontenc 2021/04/29 v2.0v Standard LaTeX package

(C:\Users\adamw\AppData\Local\Programs\MiKTeX\tex/latex/base\ot4enc.def
File: ot4enc.def 2021/04/29 v2.0v Standard LaTeX file
Now handling font encoding OT4 ...
... no UTF-8 mapping file for font encoding OT4
)
LaTeX Font Info:    Trying to load font information for OT4+cmr on input line 1
12.

(C:\Users\adamw\AppData\Local\Programs\MiKTeX\tex/latex/polski\ot4cmr.fd
File: ot4cmr.fd 2008/02/24 v1.2.1 Font defs for fonts PL (MW)
))
(C:\Users\adamw\AppData\Local\Programs\MiKTeX\tex/latex/graphics\graphicx.sty
Package: graphicx 2021/09/16 v1.2d Enhanced LaTeX Graphics (DPC,SPQR)

(C:\Users\adamw\AppData\Local\Programs\MiKTeX\tex/latex/graphics\graphics.sty
Package: graphics 2022/03/10 v1.4e Standard LaTeX Graphics (DPC,SPQR)

(C:\Users\adamw\AppData\Local\Programs\MiKTeX\tex/latex/graphics\trig.sty
Package: trig 2021/08/11 v1.11 sin cos tan (DPC)
)
(C:\Users\adamw\AppData\Local\Programs\MiKTeX\tex/latex/graphics-cfg\graphics.c
fg
File: graphics.cfg 2016/06/04 v1.11 sample graphics configuration
)
Package graphics Info: Driver file: pdftex.def on input line 107.

(C:\Users\adamw\AppData\Local\Programs\MiKTeX\tex/latex/graphics-def\pdftex.def
File: pdftex.def 2022/09/22 v1.2b Graphics/color driver for pdftex
))
\Gin@req@height=\dimen163
\Gin@req@width=\dimen164
)
(C:\Users\adamw\AppData\Local\Programs\MiKTeX\tex/latex/epstopdf-pkg\epstopdf.s
ty
Package: epstopdf 2020-01-24 v2.11 Conversion with epstopdf on the fly (HO)

(C:\Users\adamw\AppData\Local\Programs\MiKTeX\tex/generic/infwarerr\infwarerr.s
ty
Package: infwarerr 2019/12/03 v1.5 Providing info/warning/error messages (HO)
) (C:\Users\adamw\AppData\Local\Programs\MiKTeX\tex/latex/grfext\grfext.sty
Package: grfext 2019/12/03 v1.3 Manage graphics extensions (HO)

(C:\Users\adamw\AppData\Local\Programs\MiKTeX\tex/generic/kvdefinekeys\kvdefine
keys.sty
Package: kvdefinekeys 2019-12-19 v1.6 Define keys (HO)
))
(C:\Users\adamw\AppData\Local\Programs\MiKTeX\tex/latex/kvoptions\kvoptions.sty
Package: kvoptions 2022-06-15 v3.15 Key value format for package options (HO)
(C:\Users\adamw\AppData\Local\Programs\MiKTeX\tex/generic/ltxcmds\ltxcmds.sty
Package: ltxcmds 2020-05-10 v1.25 LaTeX kernel commands for general use (HO)
)
(C:\Users\adamw\AppData\Local\Programs\MiKTeX\tex/latex/kvsetkeys\kvsetkeys.sty
Package: kvsetkeys 2022-10-05 v1.19 Key value parser (HO)
))
(C:\Users\adamw\AppData\Local\Programs\MiKTeX\tex/generic/pdftexcmds\pdftexcmds
.sty
Package: pdftexcmds 2020-06-27 v0.33 Utility functions of pdfTeX for LuaTeX (HO
)
Package pdftexcmds Info: \pdf@primitive is available.
Package pdftexcmds Info: \pdf@ifprimitive is available.
Package pdftexcmds Info: \pdfdraftmode found.
)
(C:\Users\adamw\AppData\Local\Programs\MiKTeX\tex/latex/epstopdf-pkg\epstopdf-b
ase.sty
Package: epstopdf-base 2020-01-24 v2.11 Base part for package epstopdf
Package epstopdf-base Info: Redefining graphics rule for `.eps' on input line 4
85.
Package grfext Info: Graphics extension search list:
(grfext)             [.pdf,.png,.jpg,.mps,.jpeg,.jbig2,.jb2,.PDF,.PNG,.JPG,.JPE
G,.JBIG2,.JB2,.eps]
(grfext)             \AppendGraphicsExtensions on input line 504.

(C:\Users\adamw\AppData\Local\Programs\MiKTeX\tex/latex/00miktex\epstopdf-sys.c
fg
File: epstopdf-sys.cfg 2021/03/18 v2.0 Configuration of epstopdf for MiKTeX
))) (C:\Users\adamw\AppData\Local\Programs\MiKTeX\tex/latex/subfig\subfig.sty
Package: subfig 2005/06/28 ver: 1.3 subfig package
(C:\Users\adamw\AppData\Local\Programs\MiKTeX\tex/latex/caption\caption.sty
Package: caption 2023/07/31 v3.6n Customizing captions (AR)

(C:\Users\adamw\AppData\Local\Programs\MiKTeX\tex/latex/caption\caption3.sty
Package: caption3 2023/07/31 v2.4d caption3 kernel (AR)
\caption@tempdima=\dimen165
\captionmargin=\dimen166
\caption@leftmargin=\dimen167
\caption@rightmargin=\dimen168
\caption@width=\dimen169
\caption@indent=\dimen170
\caption@parindent=\dimen171
\caption@hangindent=\dimen172
Package caption Info: Standard document class detected.
)
\c@caption@flags=\count288
\c@continuedfloat=\count289
Package caption Info: listings package is loaded.
)
\c@KVtest=\count290
\sf@farskip=\skip56
\sf@captopadj=\dimen173
\sf@capskip=\skip57
\sf@nearskip=\skip58
\c@subfigure=\count291
\c@subfigure@save=\count292
\c@lofdepth=\count293
\c@subtable=\count294
\c@subtable@save=\count295
\c@lotdepth=\count296
\sf@top=\skip59
\sf@bottom=\skip60
) (C:\Users\adamw\AppData\Local\Programs\MiKTeX\tex/latex/wrapfig\wrapfig.sty
\wrapoverhang=\dimen174
\WF@size=\dimen175
\c@WF@wrappedlines=\count297
\WF@box=\box56
\WF@everypar=\toks32
Package: wrapfig 2003/01/31  v 3.6
)
(C:\Users\adamw\AppData\Local\Programs\MiKTeX\tex/latex/tools\longtable.sty
Package: longtable 2021-09-01 v4.17 Multi-page Table package (DPC)
\LTleft=\skip61
\LTright=\skip62
\LTpre=\skip63
\LTpost=\skip64
\LTchunksize=\count298
\LTcapwidth=\dimen176
\LT@head=\box57
\LT@firsthead=\box58
\LT@foot=\box59
\LT@lastfoot=\box60
\LT@gbox=\box61
\LT@cols=\count299
\LT@rows=\count300
\c@LT@tables=\count301
\c@LT@chunks=\count302
\LT@p@ftn=\toks33
)
(C:\Users\adamw\AppData\Local\Programs\MiKTeX\tex/latex/tools\verbatim.sty
Package: verbatim 2022-07-02 v1.5u LaTeX2e package for verbatim enhancements
\every@verbatim=\toks34
\verbatim@line=\toks35
\verbatim@in@stream=\read4
)
(C:\Users\adamw\AppData\Local\Programs\MiKTeX\tex/latex/float\float.sty
Package: float 2001/11/08 v1.3d Float enhancements (AL)
\c@float@type=\count303
\float@exts=\toks36
\float@box=\box62
\@float@everytoks=\toks37
\@floatcapt=\box63
)
(C:\Users\adamw\AppData\Local\Programs\MiKTeX\tex/latex/psfrag\psfrag.sty
Package: psfrag 1998/04/11 v3.04 PSfrag (MCG)
\pfg@pcount=\count304
\pfg@scount=\count305
\pfg@temp=\write4
)
(C:\Users\adamw\AppData\Local\Programs\MiKTeX\tex/latex/makecell\makecell.sty
Package: makecell 2009/08/03 V0.1e Managing of Tab Column Heads and Cells

(C:\Users\adamw\AppData\Local\Programs\MiKTeX\tex/latex/tools\array.sty
Package: array 2022/09/04 v2.5g Tabular extension package (FMi)
\col@sep=\dimen177
\ar@mcellbox=\box64
\extrarowheight=\dimen178
\NC@list=\toks38
\extratabsurround=\skip65
\backup@length=\skip66
\ar@cellbox=\box65
)
\rotheadsize=\dimen179
\c@nlinenum=\count306
\TeXr@lab=\toks39
)
(C:\Users\adamw\AppData\Local\Programs\MiKTeX\tex/latex/url\url.sty
\Urlmuskip=\muskip17
Package: url 2013/09/16  ver 3.4  Verb mode for urls, etc.
)
(C:\Users\adamw\AppData\Local\Programs\MiKTeX\tex/latex/tools\tabularx.sty
Package: tabularx 2020/01/15 v2.11c `tabularx' package (DPC)
\TX@col@width=\dimen180
\TX@old@table=\dimen181
\TX@old@col=\dimen182
\TX@target=\dimen183
\TX@delta=\dimen184
\TX@cols=\count307
\TX@ftn=\toks40
)
(C:\Users\adamw\AppData\Local\Programs\MiKTeX\tex/latex/graphics\color.sty
Package: color 2022/01/06 v1.3d Standard LaTeX Color (DPC)

(C:\Users\adamw\AppData\Local\Programs\MiKTeX\tex/latex/graphics-cfg\color.cfg
File: color.cfg 2016/01/02 v1.6 sample color configuration
)
Package color Info: Driver file: pdftex.def on input line 149.
(C:\Users\adamw\AppData\Local\Programs\MiKTeX\tex/latex/graphics\mathcolor.ltx)
) (C:\Users\adamw\AppData\Local\Programs\MiKTeX\tex/latex/colortbl\colortbl.sty
Package: colortbl 2022/06/20 v1.0f Color table columns (DPC)
\everycr=\toks41
\minrowclearance=\skip67
\rownum=\count308
)
\c@defscounter=\count309
\c@odeexample=\count310
)
(C:\Users\adamw\AppData\Local\Programs\MiKTeX\tex/latex/l3backend\l3backend-pdf
tex.def
File: l3backend-pdftex.def 2023-01-16 L3 backend support: PDF output (pdfTeX)
\l__color_backend_stack_int=\count311
\l__pdf_internal_box=\box66
) (solving.aux)
\openout1 = `solving.aux'.

LaTeX Font Info:    Checking defaults for OML/cmm/m/it on input line 2.
LaTeX Font Info:    ... okay on input line 2.
LaTeX Font Info:    Checking defaults for OMS/cmsy/m/n on input line 2.
LaTeX Font Info:    ... okay on input line 2.
LaTeX Font Info:    Checking defaults for OT1/cmr/m/n on input line 2.
LaTeX Font Info:    ... okay on input line 2.
LaTeX Font Info:    Checking defaults for T1/cmr/m/n on input line 2.
LaTeX Font Info:    ... okay on input line 2.
LaTeX Font Info:    Checking defaults for TS1/cmr/m/n on input line 2.
LaTeX Font Info:    ... okay on input line 2.
LaTeX Font Info:    Checking defaults for OMX/cmex/m/n on input line 2.
LaTeX Font Info:    ... okay on input line 2.
LaTeX Font Info:    Checking defaults for U/cmr/m/n on input line 2.
LaTeX Font Info:    ... okay on input line 2.
LaTeX Font Info:    Checking defaults for OT4/cmr/m/n on input line 2.
LaTeX Font Info:    ... okay on input line 2.

*geometry* driver: auto-detecting
*geometry* detected driver: pdftex
*geometry* verbose mode - [ preamble ] result:
* driver: pdftex
* paper: a4paper
* layout: <same size as paper>
* layoutoffset:(h,v)=(0.0pt,0.0pt)
* modes: twoside 
* h-part:(L,W,R)=(85.35826pt, 426.79135pt, 85.35826pt)
* v-part:(T,H,B)=(85.35826pt, 674.33032pt, 85.35826pt)
* \paperwidth=597.50787pt
* \paperheight=845.04684pt
* \textwidth=426.79135pt
* \textheight=674.33032pt
* \oddsidemargin=13.08827pt
* \evensidemargin=13.08827pt
* \topmargin=-16.97922pt
* \headheight=12.0pt
* \headsep=18.06749pt
* \topskip=10.0pt
* \footskip=25.29494pt
* \marginparwidth=115.0pt
* \marginparsep=7.0pt
* \columnsep=10.0pt
* \skip\footins=9.0pt plus 4.0pt minus 2.0pt
* \hoffset=0.0pt
* \voffset=0.0pt
* \mag=1000
* \@twocolumnfalse
* \@twosidetrue
* \@mparswitchtrue
* \@reversemarginfalse
* (1in=72.27pt=25.4mm, 1cm=28.453pt)

\c@lstlisting=\count312

(C:\Users\adamw\AppData\Local\Programs\MiKTeX\tex/context/base/mkii\supp-pdf.mk
ii
[Loading MPS to PDF converter (version 2006.09.02).]
\scratchcounter=\count313
\scratchdimen=\dimen185
\scratchbox=\box67
\nofMPsegments=\count314
\nofMParguments=\count315
\everyMPshowfont=\toks42
\MPscratchCnt=\count316
\MPscratchDim=\dimen186
\MPnumerator=\count317
\makeMPintoPDFobject=\count318
\everyMPtoPDFconversion=\toks43
)
Package caption Info: Begin \AtBeginDocument code.
Package caption Info: subfig package v1.3 is loaded.
Package caption Info: float package is loaded.
Package caption Info: longtable package is loaded.
 (C:\Users\adamw\AppData\Local\Programs\MiKTeX\tex/latex/caption\ltcaption.sty
Package: ltcaption 2021/01/08 v1.4c longtable captions (AR)
)
Package caption Info: wrapfig package is loaded.
Package caption Info: End \AtBeginDocument code.
 (title.tex
<./img/logo.jpg, id=1, 854.19125pt x 295.1025pt>
File: ./img/logo.jpg Graphic file (type jpg)
<use ./img/logo.jpg>
Package pdftex.def Info: ./img/logo.jpg  used on input line 6.
(pdftex.def)             Requested size: 225.0pt x 77.72897pt.
LaTeX Font Info:    Trying to load font information for U+msa on input line 8.

(C:\Users\adamw\AppData\Local\Programs\MiKTeX\tex/latex/amsfonts\umsa.fd
File: umsa.fd 2013/01/14 v3.01 AMS symbols A
)
LaTeX Font Info:    Trying to load font information for U+msb on input line 8.

(C:\Users\adamw\AppData\Local\Programs\MiKTeX\tex/latex/amsfonts\umsb.fd
File: umsb.fd 2013/01/14 v3.01 AMS symbols B
)
LaTeX Font Info:    Trying to load font information for U+lasy on input line 8.


(C:\Users\adamw\AppData\Local\Programs\MiKTeX\tex/latex/base\ulasy.fd
File: ulasy.fd 1998/08/17 v2.2e LaTeX symbol font definitions
)
Overfull \hbox (38.20865pt too wide) in paragraph at lines 2--10
[]$[]$
 []

LaTeX Font Info:    Trying to load font information for OT4+cmss on input line 
17.
(C:\Users\adamw\AppData\Local\Programs\MiKTeX\tex/latex/polski\ot4cmss.fd
File: ot4cmss.fd 2008/02/24 v1.2.1 Font defs for fonts PL (MW)
)
Underfull \hbox (badness 10000) in paragraph at lines 18--23

 []


Underfull \hbox (badness 10000) in paragraph at lines 18--23

 []


Overfull \hbox (57.2687pt too wide) in paragraph at lines 16--24
[]$[]$ 
 []


Underfull \hbox (badness 10000) in paragraph at lines 34--35

 []


Underfull \hbox (badness 10000) in paragraph at lines 44--45
\OT4/cmss/bx/n/14.4 apli-ka-cji wy-szu-ku-j¡-cej gry we-dªug za-da-nych
 []


Underfull \hbox (badness 10000) in paragraph at lines 44--45

 []


Underfull \hbox (badness 10000) in paragraph at lines 46--47

 []


Underfull \hbox (badness 10000) in paragraph at lines 50--54

 []


Overfull \hbox (6.73636pt too wide) in paragraph at lines 27--57
[]  [] 
 []

[1
Non-PDF special ignored!
<special> header=psfrag.pro


{C:/Users/adamw/AppData/Local/MiKTeX/fonts/map/pdftex/pdftex.map} <./img/logo.j
pg>]) [2] (solving.toc)
\tf@toc=\write5
\openout5 = `solving.toc'.

 [3

] [4] (wstep.tex
Underfull \hbox (badness 2285) in paragraph at lines 5--6
[]\OT4/cmr/m/n/10 Wielu pro-gra-mi-stów na po-cz¡tku bu-dowy pro-jektu zde-rza 
si¦ z pro-ble-mem wy-boru
 []


Underfull \hbox (badness 1067) in paragraph at lines 13--14
[]\OT4/cmr/m/n/10 W pierw-szym roz-dziale zo-sta-nie przed-sta-wiony pro-ces tw
o-rze-nia apli-ka-cji we-bo-wej. Na
 []

) (rozdzial_1.tex
Underfull \hbox (badness 1888) in paragraph at lines 19--1
\OT4/cmr/m/n/10 i nie-re-la-cyj-nych. Mam na-dziej¦, »e ta praca b¦-dzie u»y-te
cz-nym ¹ró-dªem in-for-ma-cji dla
 []

[1


] [2

]
Rozdzia\l  1.
[3]
Underfull \hbox (badness 4846) in paragraph at lines 26--27
\OT4/cmr/m/n/10 wi-zu-alne re-pre-zen-ta-cje apli-ka-cji, które po-ma-gaj¡ zro-
zu-mie¢, jak b¦-dzie ona wy-gl¡-da¢
 []


Underfull \hbox (badness 1910) in paragraph at lines 34--35
[]\OT4/cmr/m/n/10 Po za-ko«-cze-niu fazy two-rze-nia, na-st¦-puje etap te-sto-w
a-nia. Jego gªów-nym ce-lem jest
 []


Underfull \hbox (badness 1097) in paragraph at lines 38--39
[]\OT4/cmr/m/n/10 Przedostatni etap po-lega na wdro-»e-niu apli-ka-cji u klient
a. W tym cza-sie pro-gra-mi-±ci
 []

[4]
Underfull \hbox (badness 1515) in paragraph at lines 44--45
\OT4/cmr/m/n/10 nie-za-le»-nie od u»y-wa-nych na-rz¦-dzi, klu-czem do suk-cesu 
jest zro-zu-mie-nie po-trzeb klienta
 []

[5]
Underfull \hbox (badness 1163) in paragraph at lines 105--106
\OT4/cmr/m/n/10 ze-wn¦trz-nymi na-rz¦-dziami, plat-for-mami i ser-wi-sami, aby 
roz-sze-rzy¢ swoje funk-cjo-nal-no-±ci,
 []

[6]
Underfull \hbox (badness 1286) in paragraph at lines 115--116
[]\OT4/cmr/bx/n/10 Media spo-ªecz-no-±ciowe \OT4/cmr/m/n/10 -- po-ª¡-cze-nie z 
Fa-ce-bo-okiem, Twit-te-rem czy In-sta-gra-mem
 []


Underfull \hbox (badness 1057) in paragraph at lines 115--116
\OT4/cmr/m/n/10 umo»-li-wia na przy-kªad udo-st¦p-nia-nie tre-±ci, lo-go-wa-nie
 za po-moc¡ konta w me-diach
 []


Underfull \hbox (badness 4779) in paragraph at lines 128--129
\OT4/cmr/m/n/10 Podsumowuj¡c, in-te-gra-cja z in-nymi na-rz¦-dziami i ser-wi-sa
mi po-zwala na wzbo-ga-ce-nie
 []


Underfull \hbox (badness 3439) in paragraph at lines 128--129
\OT4/cmr/m/n/10 funk-cjo-nal-no-±ci apli-ka-cji we-bo-wej i do-star-cze-nie u»y
t-kow-ni-kom bar-dziej za-awan-so-wa-nych
 []

[7]) (rozdzial_2.tex [8]
Rozdzia\l  2.
<./img/javalogo.jpg, id=48, 653.44125pt x 401.5pt>
File: ./img/javalogo.jpg Graphic file (type jpg)
<use ./img/javalogo.jpg>
Package pdftex.def Info: ./img/javalogo.jpg  used on input line 6.
(pdftex.def)             Requested size: 298.75264pt x 183.56497pt.

Underfull \hbox (badness 5667) in paragraph at lines 17--18
[]\OT4/cmr/bx/n/10 Obiektowo±¢: \OT4/cmr/m/n/10 Java jest j¦-zy-kiem w peªni ob
iek-to-wym, co uªa-twia or-ga-ni-za-cj¦
 []

[9

 <./img/javalogo.jpg>]
<./img/springboot.png, id=53, 602.25pt x 316.18124pt>
File: ./img/springboot.png Graphic file (type png)
<use ./img/springboot.png>
Package pdftex.def Info: ./img/springboot.png  used on input line 39.
(pdftex.def)             Requested size: 256.07741pt x 134.4452pt.

Underfull \hbox (badness 1694) in paragraph at lines 46--47
[]\OT4/cmr/bx/n/10 Automatyzacja kon-fi-gu-ra-cji: \OT4/cmr/m/n/10 Spring Boot 
au-to-ma-tycz-nie kon-fi-gu-ruje apli-ka-cj¦ na
 []

[10 <./img/springboot.png>]
Underfull \hbox (badness 1603) in paragraph at lines 60--61
[]\OT4/cmr/bx/n/10 Zastosowania: \OT4/cmr/m/n/10 Spring Boot jest nie-zwy-kle w
szech-stronny. Wy-ko-rzy-sty-wany jest do
 []


Underfull \hbox (badness 1281) in paragraph at lines 60--61
\OT4/cmr/m/n/10 two-rze-nia apli-ka-cji biz-ne-so-wych, sys-te-mów e-commerce, 
apli-ka-cji kor-po-ra-cyj-nych oraz
 []

<./img/lombok.png, id=59, 281.05pt x 281.05pt>
File: ./img/lombok.png Graphic file (type png)
<use ./img/lombok.png>
Package pdftex.def Info: ./img/lombok.png  used on input line 66.
(pdftex.def)             Requested size: 170.71393pt x 170.7112pt.

Underfull \hbox (badness 2253) in paragraph at lines 75--76
[]\OT4/cmr/bx/n/10 Automatyczna ge-ne-ra-cja kodu: \OT4/cmr/m/n/10 Lom-bok au-t
o-ma-tycz-nie ge-ne-ruje kod dla wielu
 []

[11 <./img/lombok.png>]
<./img/liquibase.png, id=64, 329.23pt x 154.5775pt>
File: ./img/liquibase.png Graphic file (type png)
<use ./img/liquibase.png>
Package pdftex.def Info: ./img/liquibase.png  used on input line 99.
(pdftex.def)             Requested size: 170.71393pt x 80.15431pt.

Underfull \hbox (badness 2443) in paragraph at lines 103--104
\OT4/cmr/m/n/10 pro-gra-mi-stom kon-trol¦ wer-sji sche-matu bazy da-nych, co je
st nie-zb¦dne w dy-na-micz-nie
 []


Underfull \hbox (badness 1360) in paragraph at lines 116--117
[]\OT4/cmr/bx/n/10 Integracja z na-rz¦-dziami bu-dowy: \OT4/cmr/m/n/10 Li-qu-ib
ase ªa-two in-te-gruje si¦ z po-pu-lar-nymi
 []

[12 <./img/liquibase.png>]
<./img/typescript.png, id=69, 742.775pt x 406.51875pt>
File: ./img/typescript.png Graphic file (type png)
<use ./img/typescript.png>
Package pdftex.def Info: ./img/typescript.png  used on input line 132.
(pdftex.def)             Requested size: 213.39568pt x 116.78949pt.
 [13 <./img/typescript.png>]
Underfull \hbox (badness 1389) in paragraph at lines 156--157
[]\OT4/cmr/bx/n/10 Aplikacje jed-no-stro-ni-cowe (SPA): \OT4/cmr/m/n/10 Ty-pe-S
cript jest cz¦-sto u»y-wany do two-rze-nia
 []

<./img/angular.png, id=74, 319.1925pt x 159.59625pt>
File: ./img/angular.png Graphic file (type png)
<use ./img/angular.png>
Package pdftex.def Info: ./img/angular.png  used on input line 166.
(pdftex.def)             Requested size: 256.07741pt x 128.04001pt.

Underfull \hbox (badness 5331) in paragraph at lines 170--171
[]\OT4/cmr/m/n/10 Angular to po-pu-larny fra-me-work do two-rze-nia apli-ka-cji
 in-ter-ne-to-wych opra-co-wany
 []


Underfull \hbox (badness 1275) in paragraph at lines 170--171
\OT4/cmr/m/n/10 i utrzy-my-wany przez Go-ogle. Zo-staª za-pro-jek-to-wany z my-
±l¡ o two-rze-niu dy-na-micz-nych,
 []

[14 <./img/angular.png>]
<./img/primeng.png, id=79, 229.3368pt x 105.5142pt>
File: ./img/primeng.png Graphic file (type png)
<use ./img/primeng.png>
Package pdftex.def Info: ./img/primeng.png  used on input line 203.
(pdftex.def)             Requested size: 213.39568pt x 98.18193pt.

Underfull \hbox (badness 1237) in paragraph at lines 220--221
\OT4/cmr/m/n/10 jego kom-po-nenty do-sko-nale in-te-gruj¡ si¦ z tym fra-me-wor-
kiem, ofe-ru-j¡c spójne API
 []


Underfull \hbox (badness 4940) in paragraph at lines 222--223
[]\OT4/cmr/bx/n/10 Wysoka wy-daj-no±¢: \OT4/cmr/m/n/10 Kom-po-nenty Pri-meNG s¡
 zop-ty-ma-li-zo-wane pod wzgl¦-dem
 []

[15 <./img/primeng.png>]
Underfull \hbox (badness 1259) in paragraph at lines 230--231
\OT4/cmr/m/n/10 jak ta-bele, wy-kresy czy for-mu-la-rze, Pri-meNG jest ide-al-n
ym wy-bo-rem do two-rze-nia
 []


Underfull \hbox (badness 1715) in paragraph at lines 241--242
[]\OT4/cmr/m/n/10 Wybór od-po-wied-nich tech-no-lo-gii i na-rz¦-dzi jest jed-ny
m z naj-wa»-niej-szych eta-pów w
 []


Underfull \hbox (badness 1102) in paragraph at lines 243--244
[]\OT4/cmr/m/n/10 Jednak»e, nie-za-le»-nie od za-let po-szcze-gól-nych tech-no-
lo-gii, klu-czem jest ich pra-wi-dªowe
 []

) (rozdzial_3.tex [16]
Rozdzia\l  3.

Underfull \hbox (badness 2269) in paragraph at lines 3--4
[]\OT4/cmr/m/n/10 Zbieranie da-nych ba-daw-czych jest klu-czo-wym ele-men-tem w
ielu pro-jek-tów na-uko-wych
 []


Underfull \hbox (badness 1092) in paragraph at lines 3--4
\OT4/cmr/m/n/10 efek-tywne i sys-te-ma-tyczne gro-ma-dze-nie in-for-ma-cji. W t
ym roz-dziale zo-sta-nie opi-sane jak
 []

(C:\Users\adamw\AppData\Local\Programs\MiKTeX\tex/latex/listings\lstlang1.sty
File: lstlang1.sty 2020/03/24 1.8d listings language file
)
(C:\Users\adamw\AppData\Local\Programs\MiKTeX\tex/latex/listings\lstmisc.sty
File: lstmisc.sty 2020/03/24 1.8d (Carsten Heinz)
)
LaTeX Font Info:    Trying to load font information for OT4+cmtt on input line 
9.

(C:\Users\adamw\AppData\Local\Programs\MiKTeX\tex/latex/polski\ot4cmtt.fd
File: ot4cmtt.fd 2008/02/24 v1.2.1 Font defs for fonts PL (MW)
)

LaTeX Font Warning: Font shape `OT4/cmtt/bx/n' in size <10> not available
(Font)              Font shape `OT4/cmtt/m/n' tried instead on input line 9.


Underfull \hbox (badness 1342) in paragraph at lines 21--22
[]\OT4/cmr/m/n/10 Nast¦pnie za-j¦to si¦ utwo-rze-niem po-ª¡-cze-nie do bazy da-
nych Oracle po-przez do-da-nie
 []


LaTeX Warning: Reference `Kondifuracja application.properties' on page 17 undef
ined on input line 29.

[17

] [18]
Underfull \hbox (badness 3302) in paragraph at lines 112--113
[]\OT4/cmr/m/it/10 firebaseApp() \OT4/cmr/m/n/10 -- me-toda ini-cja-li-zu-j¡ca 
po-ª¡-cze-nie z baz¡ Fi-re-base, wy-wo-ªuje klas¦
 []


Underfull \hbox (badness 1484) in paragraph at lines 112--113
\OT4/cmr/m/it/10 Fi-re-ba-se-Op-tions\OT4/cmr/m/n/10 , która po usta-wie-niu od
-po-wied-nich ,,cre-den-tials'' oraz ,,da-ta-ba-seUrl''
 []

[19] [20]
Underfull \vbox (badness 1184) has occurred while \output is active []

 [21]
[22]
Underfull \vbox (badness 10000) has occurred while \output is active []

 [23]
Underfull \hbox (badness 2050) in paragraph at lines 333--334
\OT4/cmr/m/n/10 z naj-po-pu-lar-niej-szych na-rz¦-dzi do two-rze-nia dy-na-micz
-nych i za-awan-so-wa-nych in-ter-fej-sów
 []


Underfull \hbox (badness 1603) in paragraph at lines 335--336
[]\OT4/cmr/m/n/10 Do sty-lo-wa-nia i bu-dowy in-ter-fejsu u»yt-kow-nika wy-ko-r
zy-stano bi-blio-tek¦ kom-po-nen-tów
 []

<./img/stronaglowna.jpg, id=112, 1385.175pt x 705.38531pt>
File: ./img/stronaglowna.jpg Graphic file (type jpg)
<use ./img/stronaglowna.jpg>
Package pdftex.def Info: ./img/stronaglowna.jpg  used on input line 341.
(pdftex.def)             Requested size: 426.79135pt x 217.33253pt.

LaTeX Warning: `h' float specifier changed to `ht'.

[24]

LaTeX Warning: Reference `Metoda wywoÅ‚ywana pod wciÅ›niÄ™ciu przycisku' on pag
e 25 undefined on input line 365.

[25 <./img/stronaglowna.jpg>]
<./img/secondpage.jpg, id=119, 1230.84843pt x 675.27281pt>
File: ./img/secondpage.jpg Graphic file (type jpg)
<use ./img/secondpage.jpg>
Package pdftex.def Info: ./img/secondpage.jpg  used on input line 389.
(pdftex.def)             Requested size: 426.79135pt x 234.144pt.
) (rozdzial_4.tex [26 <./img/secondpage.jpg>]
Rozdzia\l  4.

Underfull \hbox (badness 1028) in paragraph at lines 3--4
\OT4/cmr/m/n/10 W tym roz-dziale przed-sta-wione zo-stan¡ rze-czy-wi-ste ró»-ni
ce po za-im-ple-men-to-wa-niu dwóch
 []


Underfull \hbox (badness 1178) in paragraph at lines 3--4
\OT4/cmr/m/n/10 opó¹-nie-nia po-ª¡-cze-nia w obu przy-pad-kach s¡ po-rów-ny-wal
ne, wi¦c sku-piono si¦ na cza-sie
 []

<./img/wykres.jpg, id=123, 660.96938pt x 491.58656pt>
File: ./img/wykres.jpg Graphic file (type jpg)
<use ./img/wykres.jpg>
Package pdftex.def Info: ./img/wykres.jpg  used on input line 70.
(pdftex.def)             Requested size: 341.43437pt x 253.94626pt.
[27

 <./img/wykres.jpg>]
Underfull \hbox (badness 2538) in paragraph at lines 80--81
[]\OT4/cmr/m/n/10 Chocia» wy-niki wy-kresu su-ge-ruj¡, »e Fi-re-base jest zna-c
z¡co szyb-szy pod wzgl¦-dem
 []

) (podsumowanie.tex [28] [29] [30

]) (bibliografia.tex [31] [32

]
Underfull \hbox (badness 10000) in paragraph at lines 11--12
\OT4/cmr/m/it/9 kodu\OT4/cmr/m/n/9 , https://weastronauts.com/jak-zwiekszyc-wyd
ajnosc-aplikacji-webowych-dzieki-optymalizacji-
 []


Underfull \hbox (badness 2884) in paragraph at lines 24--25
[]\OT4/cmr/m/n/9 Cechy bazy Oracle, \OT4/cmr/m/it/9 Oracle do-cu-men-ta-tion\OT
4/cmr/m/n/9 , $\OT4/cmtt/m/n/9 https : / / docs . oracle . com / cd / E63057 _ 
01 / doc . 30 /
 []


Underfull \hbox (badness 10000) in paragraph at lines 34--35
[]\OT4/cmr/m/n/9 Spring Boot \OT4/cmr/m/it/9 Ad-van-ta-ges of Spring Boot\OT4/c
mr/m/n/9 , $\OT4/cmtt/m/n/9 https : / / www . adservio . fr / post /
 []

) [33] [34

] (solving.lot)
\tf@lot=\write6
\openout6 = `solving.lot'.

 [35] [36

] (solving.lol)
\tf@lol=\write7
\openout7 = `solving.lol'.

 [37] [38

] (solving.lof)
\tf@lof=\write8
\openout8 = `solving.lof'.


[39] (solving.aux)

LaTeX Warning: There were undefined references.

 ) 
Here is how much of TeX's memory you used:
 10994 strings out of 476339
 177773 string characters out of 5788119
 2201340 words of memory out of 5000000
 31170 multiletter control sequences out of 15000+600000
 528015 words of font info for 79 fonts, out of 8000000 for 9000
 1141 hyphenation exceptions out of 8191
 74i,11n,82p,1943b,1739s stack positions out of 10000i,1000n,20000p,200000b,200000s
{C:/Users/adamw/AppData/Local/Programs/MiKTeX/fonts/enc/dvips/pl/pltt.enc}{C:
/Users/adamw/AppData/Local/Programs/MiKTeX/fonts/enc/dvips/pl/plit.enc}{C:/User
s/adamw/AppData/Local/Programs/MiKTeX/fonts/enc/dvips/pl/plrm.enc} <C:\Users\ad
amw\AppData\Local\MiKTeX\fonts/pk/ljfour/jknappen/ec/dpi600\tcrm1000.pk><C:/Use
rs/adamw/AppData/Local/Programs/MiKTeX/fonts/type1/public/pl/plbx10.pfb><C:/Use
rs/adamw/AppData/Local/Programs/MiKTeX/fonts/type1/public/pl/plbx12.pfb><C:/Use
rs/adamw/AppData/Local/Programs/MiKTeX/fonts/type1/public/pl/plr10.pfb><C:/User
s/adamw/AppData/Local/Programs/MiKTeX/fonts/type1/public/pl/plr8.pfb><C:/Users/
adamw/AppData/Local/Programs/MiKTeX/fonts/type1/public/pl/plr9.pfb><C:/Users/ad
amw/AppData/Local/Programs/MiKTeX/fonts/type1/public/pl/plss10.pfb><C:/Users/ad
amw/AppData/Local/Programs/MiKTeX/fonts/type1/public/pl/plss17.pfb><C:/Users/ad
amw/AppData/Local/Programs/MiKTeX/fonts/type1/public/pl/plssbx10.pfb><C:/Users/
adamw/AppData/Local/Programs/MiKTeX/fonts/type1/public/pl/plti10.pfb><C:/Users/
adamw/AppData/Local/Programs/MiKTeX/fonts/type1/public/pl/plti9.pfb><C:/Users/a
damw/AppData/Local/Programs/MiKTeX/fonts/type1/public/pl/pltt10.pfb><C:/Users/a
damw/AppData/Local/Programs/MiKTeX/fonts/type1/public/pl/pltt9.pfb>
Output written on solving.pdf (43 pages, 1302377 bytes).
PDF statistics:
 228 PDF objects out of 1000 (max. 8388607)
 0 named destinations out of 1000 (max. 500000)
 56 words of extra memory for PDF output out of 10000 (max. 10000000)

